<?xml version="1.0" encoding="UTF-8"?>
<!-- Generated by org.testng.reporters.JUnitReportReporter -->
<testsuite hostname="DESKTOP-CQJPGIH" failures="0" tests="2" name="Book_Myshow_Test.BookMyShow_Test" time="27.035" errors="0" timestamp="2022-07-08T14:31:54 IST" skipped="0">
  <testcase classname="Book_Myshow_Test.BookMyShow_Test" name="Page_Runner" time="2.749"/>
  <testcase classname="Book_Myshow_Test.BookMyShow_Test" name="CenterSpeciality" time="24.286"/>
</testsuite> <!-- Book_Myshow_Test.BookMyShow_Test -->
